[09:07:46] === SOAR Learning Loop ===
[09:07:46] Split: training | Tasks: 40 | Stored rules: 29
[09:07:46] Log: logs/learn_20260429_090746.log
[09:07:46] 
[09:07:46] [1/40] c9680e90: INCORRECT  rule=identity  via=pipeline(steps=16)  (0.2s)
[09:07:46] [2/40] 878187ab: INCORRECT  rule=identity  via=pipeline(steps=14)  (0.6s)
[09:07:47] [3/40] e5790162: INCORRECT  rule=recolor_sequential  via=pipeline(steps=20)  (0.3s)
[09:07:47] [4/40] e9ac8c9e: CORRECT  rule=corner_quadrant_fill  via=stored(e9ac8c9e)  (0.4s)
[09:07:48] [5/40] 0e206a2e: INCORRECT  rule=identity  via=pipeline(steps=16)  (0.9s)
[09:07:48] [6/40] 825aa9e9: INCORRECT  rule=identity  via=pipeline(steps=18)  (0.3s)
[09:07:49] [7/40] 1c56ad9f: INCORRECT  rule=identity  via=pipeline(steps=18)  (0.9s)
[09:07:50] [8/40] c0f76784: CORRECT  rule=rect_interior_fill  via=stored(c0f76784)  (0.5s)
[09:07:50] [9/40] 60a26a3e: CORRECT  rule=diamond_connector  via=stored(60a26a3e)  (0.7s)
[09:07:50] [10/40] 8be77c9e: CORRECT  rule=stack_with_mirror  via=stored(8be77c9e)  (0.0s)
[09:07:51] [11/40] 332202d5: CORRECT  rule=cross_zone_fill  via=pipeline(steps=16)  (0.8s)
[09:07:51] [12/40] d23f8c26: CORRECT  rule=axis_line_keep  via=stored(d23f8c26)  (0.1s)
[09:07:52] [13/40] 6e82a1ae: CORRECT  rule=recolor_by_size  via=stored(6e82a1ae)  (0.3s)
[09:07:52] [14/40] 9f669b64: INCORRECT  rule=identity  via=pipeline(steps=16)  (0.3s)
[09:07:53] [15/40] afe3afe9: INCORRECT  rule=identity  via=pipeline(steps=16)  (1.3s)
[09:07:54] [16/40] 85c4e7cd: CORRECT  rule=concentric_ring_reverse  via=stored(85c4e7cd)  (0.5s)
[09:07:54] [17/40] c59eb873: CORRECT  rule=integer_upscale  via=stored(c59eb873)  (0.1s)
[09:07:54] [18/40] 13f06aa5: INCORRECT  rule=identity  via=pipeline(steps=16)  (0.6s)
[09:07:54] [19/40] bbc9ae5d: CORRECT  rule=staircase_extend_right  via=stored(bbc9ae5d)  (0.1s)
[09:07:56] [20/40] 5a719d11: INCORRECT  rule=identity  via=pipeline(steps=16)  (1.4s)
[09:07:58] [21/40] 7837ac64: INCORRECT  rule=identity  via=pipeline(steps=18)  (1.7s)
[09:07:58] [22/40] ce039d91: CORRECT  rule=axis_mirror_recolor  via=stored(ce039d91)  (0.3s)
[09:07:58] [23/40] 5daaa586: INCORRECT  rule=identity  via=pipeline(steps=16)  (0.6s)
[09:07:59] [24/40] 7ddcd7ec: CORRECT  rule=diagonal_tail_extend  via=stored(7ddcd7ec)  (0.3s)
[09:08:00] [25/40] a2d730bd: INCORRECT  rule=identity  via=pipeline(steps=16)  (1.4s)
[09:08:01] [26/40] 7f4411dc: CORRECT  rule=keep_solid_rectangles  via=stored(7f4411dc)  (0.4s)
[09:08:01] [27/40] 9f5f939b: CORRECT  rule=plus_center_marker  via=stored(9f5f939b)  (0.6s)
[09:08:01] [28/40] 93b581b8: CORRECT  rule=corner_diagonal_2x2  via=stored(93b581b8)  (0.1s)
[09:08:02] [29/40] 6350f1f4: INCORRECT  rule=identity  via=pipeline(steps=18)  (0.6s)
[09:08:02] [30/40] c8b7cc0f: CORRECT  rule=inside_marker_count_3x3  via=stored(c8b7cc0f)  (0.2s)
[09:08:02] [31/40] a5313dff: CORRECT  rule=rect_interior_marker_fill  via=stored(a5313dff)  (0.3s)
[09:08:03] [32/40] ed98d772: CORRECT  rule=rotational_quadrants_2x  via=stored(ed98d772)  (0.1s)
[09:08:03] [33/40] cf5fd0ad: CORRECT  rule=rotational_4fold  via=stored(cf5fd0ad)  (0.3s)
[09:08:04] [34/40] 84db8fc4: INCORRECT  rule=identity  via=pipeline(steps=18)  (0.6s)
[09:08:04] [35/40] e9b4f6fc: INCORRECT  rule=identity  via=pipeline(steps=18)  (0.4s)
[09:08:05] [36/40] 642d658d: CORRECT  rule=plus_majority_color  via=pipeline(steps=16)  (1.1s)
[09:08:05] [37/40] 9b30e358: CORRECT  rule=tile_pattern_vertical  via=stored(9b30e358)  (0.2s)
[09:08:05] [38/40] b94a9452: CORRECT  rule=object_extract_swap  via=stored(b94a9452)  (0.3s)
[09:08:06] [39/40] 14b8e18c: CORRECT  rule=square_corner_marker  via=stored(14b8e18c)  (0.4s)
[09:08:06] [40/40] 705a3229: CORRECT  rule=corner_l_shoot  via=stored(705a3229)  (0.5s)
[09:08:06] 
[09:08:06] =======================================================
[09:08:06] Tasks:       40  (0 errors)
[09:08:06] Correct:     24 / 40  (60.0%)
[09:08:06] Rules:       29 -> 31  (+2 learned)
[09:08:06] Reused:      22 times (stored rule hit)
[09:08:06] Discovered:  3 new rules from pipeline
[09:08:06] Time:        21s  (0.5s/task)
[09:08:06] =======================================================
