[08:08:04] === SOAR Learning Loop ===
[08:08:04] Split: training | Tasks: 20 | Stored rules: 10
[08:08:04] Log: logs/learn_20260429_080804.log
[08:08:04] 
[08:08:04] [1/20] c9680e90: INCORRECT  rule=identity  via=pipeline(steps=16)  (0.2s)
[08:08:05] [2/20] 878187ab: INCORRECT  rule=identity  via=pipeline(steps=14)  (0.5s)
[08:08:05] [3/20] e5790162: INCORRECT  rule=recolor_sequential  via=pipeline(steps=20)  (0.2s)
[08:08:05] [4/20] e9ac8c9e: CORRECT  rule=corner_quadrant_fill  via=stored(e9ac8c9e)  (0.3s)
[08:08:06] [5/20] 0e206a2e: INCORRECT  rule=identity  via=pipeline(steps=16)  (0.7s)
[08:08:06] [6/20] 825aa9e9: INCORRECT  rule=identity  via=pipeline(steps=18)  (0.3s)
[08:08:07] [7/20] 1c56ad9f: INCORRECT  rule=identity  via=pipeline(steps=18)  (0.8s)
[08:08:08] [8/20] c0f76784: CORRECT  rule=rect_interior_fill  via=stored(c0f76784)  (0.3s)
[08:08:08] [9/20] 60a26a3e: CORRECT  rule=diamond_connector  via=stored(60a26a3e)  (0.6s)
[08:08:08] [10/20] 8be77c9e: CORRECT  rule=stack_with_mirror  via=stored(8be77c9e)  (0.0s)
[08:08:09] [11/20] 332202d5: INCORRECT  rule=identity  via=pipeline(steps=16)  (0.7s)
[08:08:09] [12/20] d23f8c26: INCORRECT  rule=color_mapping  via=pipeline(steps=16)  (0.1s)
[08:08:09] [13/20] 6e82a1ae: INCORRECT  rule=identity  via=pipeline(steps=16)  (0.3s)
[08:08:09] [14/20] 9f669b64: INCORRECT  rule=identity  via=pipeline(steps=16)  (0.3s)
[08:08:11] [15/20] afe3afe9: INCORRECT  rule=identity  via=pipeline(steps=16)  (1.2s)
[08:08:11] [16/20] 85c4e7cd: INCORRECT  rule=identity  via=pipeline(steps=18)  (0.4s)
[08:08:11] [17/20] c59eb873: CORRECT  rule=integer_upscale  via=stored(c59eb873)  (0.1s)
[08:08:12] [18/20] 13f06aa5: INCORRECT  rule=identity  via=pipeline(steps=16)  (0.5s)
[08:08:12] [19/20] bbc9ae5d: CORRECT  rule=staircase_extend_right  via=stored(bbc9ae5d)  (0.1s)
[08:08:13] [20/20] 5a719d11: INCORRECT  rule=identity  via=pipeline(steps=16)  (1.1s)
[08:08:13] 
[08:08:13] =======================================================
[08:08:13] Tasks:       20  (0 errors)
[08:08:13] Correct:     6 / 20  (30.0%)
[08:08:13] Rules:       10 -> 10  (+0 learned)
[08:08:13] Reused:      6 times (stored rule hit)
[08:08:13] Discovered:  2 new rules from pipeline
[08:08:13] Time:        9s  (0.4s/task)
[08:08:13] =======================================================
