[09:22:27] === SOAR Learning Loop ===
[09:22:27] Split: training | Tasks: 40 | Stored rules: 32
[09:22:27] Log: logs/learn_20260429_092227.log
[09:22:27] 
[09:22:27] [1/40] c9680e90: INCORRECT  rule=identity  via=pipeline(steps=16)  (0.2s)
[09:22:28] [2/40] 878187ab: INCORRECT  rule=identity  via=pipeline(steps=14)  (0.7s)
[09:22:28] [3/40] e5790162: CORRECT  rule=ricochet_ray  via=stored(e5790162)  (0.3s)
[09:22:29] [4/40] e9ac8c9e: CORRECT  rule=corner_quadrant_fill  via=stored(e9ac8c9e)  (0.5s)
[09:22:30] [5/40] 0e206a2e: INCORRECT  rule=identity  via=pipeline(steps=16)  (1.1s)
[09:22:30] [6/40] 825aa9e9: INCORRECT  rule=identity  via=pipeline(steps=18)  (0.4s)
[09:22:31] [7/40] 1c56ad9f: INCORRECT  rule=identity  via=pipeline(steps=18)  (1.1s)
[09:22:32] [8/40] c0f76784: CORRECT  rule=rect_interior_fill  via=stored(c0f76784)  (0.5s)
[09:22:32] [9/40] 60a26a3e: CORRECT  rule=diamond_connector  via=stored(60a26a3e)  (0.7s)
[09:22:32] [10/40] 8be77c9e: CORRECT  rule=stack_with_mirror  via=stored(8be77c9e)  (0.1s)
[09:22:33] [11/40] 332202d5: CORRECT  rule=cross_zone_fill  via=stored(332202d5)  (0.9s)
[09:22:33] [12/40] d23f8c26: CORRECT  rule=axis_line_keep  via=stored(d23f8c26)  (0.1s)
[09:22:34] [13/40] 6e82a1ae: CORRECT  rule=recolor_by_size  via=stored(6e82a1ae)  (0.4s)
[09:22:34] [14/40] 9f669b64: INCORRECT  rule=identity  via=pipeline(steps=16)  (0.4s)
[09:22:36] [15/40] afe3afe9: INCORRECT  rule=identity  via=pipeline(steps=16)  (1.6s)
[09:22:36] [16/40] 85c4e7cd: CORRECT  rule=concentric_ring_reverse  via=stored(85c4e7cd)  (0.5s)
[09:22:36] [17/40] c59eb873: CORRECT  rule=integer_upscale  via=stored(c59eb873)  (0.1s)
[09:22:37] [18/40] 13f06aa5: INCORRECT  rule=identity  via=pipeline(steps=16)  (0.5s)
[09:22:37] [19/40] bbc9ae5d: CORRECT  rule=staircase_extend_right  via=stored(bbc9ae5d)  (0.1s)
[09:22:39] [20/40] 5a719d11: INCORRECT  rule=identity  via=pipeline(steps=16)  (1.6s)
[09:22:41] [21/40] 7837ac64: INCORRECT  rule=identity  via=pipeline(steps=18)  (2.0s)
[09:22:41] [22/40] ce039d91: CORRECT  rule=axis_mirror_recolor  via=stored(ce039d91)  (0.5s)
[09:22:42] [23/40] 5daaa586: INCORRECT  rule=identity  via=pipeline(steps=16)  (0.7s)
[09:22:42] [24/40] 7ddcd7ec: CORRECT  rule=diagonal_tail_extend  via=stored(7ddcd7ec)  (0.4s)
[09:22:44] [25/40] a2d730bd: INCORRECT  rule=identity  via=pipeline(steps=16)  (1.8s)
[09:22:45] [26/40] 7f4411dc: CORRECT  rule=keep_solid_rectangles  via=stored(7f4411dc)  (0.5s)
[09:22:45] [27/40] 9f5f939b: CORRECT  rule=plus_center_marker  via=stored(9f5f939b)  (0.8s)
[09:22:46] [28/40] 93b581b8: CORRECT  rule=corner_diagonal_2x2  via=stored(93b581b8)  (0.2s)
[09:22:46] [29/40] 6350f1f4: INCORRECT  rule=identity  via=pipeline(steps=18)  (0.8s)
[09:22:47] [30/40] c8b7cc0f: CORRECT  rule=inside_marker_count_3x3  via=stored(c8b7cc0f)  (0.2s)
[09:22:47] [31/40] a5313dff: CORRECT  rule=rect_interior_marker_fill  via=stored(a5313dff)  (0.3s)
[09:22:47] [32/40] ed98d772: CORRECT  rule=rotational_quadrants_2x  via=stored(ed98d772)  (0.1s)
[09:22:47] [33/40] cf5fd0ad: CORRECT  rule=rotational_4fold  via=stored(cf5fd0ad)  (0.3s)
[09:22:48] [34/40] 84db8fc4: INCORRECT  rule=identity  via=pipeline(steps=18)  (0.7s)
[09:22:49] [35/40] e9b4f6fc: INCORRECT  rule=identity  via=pipeline(steps=18)  (0.5s)
[09:22:50] [36/40] 642d658d: CORRECT  rule=plus_majority_color  via=stored(642d658d)  (1.3s)
[09:22:50] [37/40] 9b30e358: CORRECT  rule=tile_pattern_vertical  via=stored(9b30e358)  (0.2s)
[09:22:50] [38/40] b94a9452: CORRECT  rule=object_extract_swap  via=stored(b94a9452)  (0.3s)
[09:22:51] [39/40] 14b8e18c: CORRECT  rule=square_corner_marker  via=stored(14b8e18c)  (0.4s)
[09:22:51] [40/40] 705a3229: CORRECT  rule=corner_l_shoot  via=stored(705a3229)  (0.6s)
[09:22:51] 
[09:22:51] =======================================================
[09:22:51] Tasks:       40  (0 errors)
[09:22:51] Correct:     25 / 40  (62.5%)
[09:22:51] Rules:       32 -> 32  (+0 learned)
[09:22:51] Reused:      25 times (stored rule hit)
[09:22:51] Discovered:  0 new rules from pipeline
[09:22:51] Time:        25s  (0.6s/task)
[09:22:51] =======================================================
