[09:21:18] === SOAR Learning Loop ===
[09:21:18] Split: training | Tasks: 40 | Stored rules: 31
[09:21:18] Log: logs/learn_20260429_092118.log
[09:21:18] 
[09:21:18] [1/40] c9680e90: INCORRECT  rule=identity  via=pipeline(steps=16)  (0.3s)
[09:21:19] [2/40] 878187ab: INCORRECT  rule=identity  via=pipeline(steps=14)  (0.7s)
[09:21:19] [3/40] e5790162: CORRECT  rule=ricochet_ray  via=pipeline(steps=20)  (0.4s)
[09:21:20] [4/40] e9ac8c9e: CORRECT  rule=corner_quadrant_fill  via=stored(e9ac8c9e)  (0.5s)
[09:21:21] [5/40] 0e206a2e: INCORRECT  rule=identity  via=pipeline(steps=16)  (1.1s)
[09:21:21] [6/40] 825aa9e9: INCORRECT  rule=identity  via=pipeline(steps=18)  (0.4s)
[09:21:22] [7/40] 1c56ad9f: INCORRECT  rule=identity  via=pipeline(steps=18)  (1.1s)
[09:21:23] [8/40] c0f76784: CORRECT  rule=rect_interior_fill  via=stored(c0f76784)  (0.5s)
[09:21:23] [9/40] 60a26a3e: CORRECT  rule=diamond_connector  via=stored(60a26a3e)  (0.7s)
[09:21:23] [10/40] 8be77c9e: CORRECT  rule=stack_with_mirror  via=stored(8be77c9e)  (0.0s)
[09:21:24] [11/40] 332202d5: CORRECT  rule=cross_zone_fill  via=stored(332202d5)  (1.0s)
[09:21:24] [12/40] d23f8c26: CORRECT  rule=axis_line_keep  via=stored(d23f8c26)  (0.1s)
[09:21:25] [13/40] 6e82a1ae: CORRECT  rule=recolor_by_size  via=stored(6e82a1ae)  (0.3s)
[09:21:25] [14/40] 9f669b64: INCORRECT  rule=identity  via=pipeline(steps=16)  (0.4s)
[09:21:27] [15/40] afe3afe9: INCORRECT  rule=identity  via=pipeline(steps=16)  (1.5s)
[09:21:27] [16/40] 85c4e7cd: CORRECT  rule=concentric_ring_reverse  via=stored(85c4e7cd)  (0.5s)
[09:21:27] [17/40] c59eb873: CORRECT  rule=integer_upscale  via=stored(c59eb873)  (0.1s)
[09:21:28] [18/40] 13f06aa5: INCORRECT  rule=identity  via=pipeline(steps=16)  (0.6s)
[09:21:28] [19/40] bbc9ae5d: CORRECT  rule=staircase_extend_right  via=stored(bbc9ae5d)  (0.1s)
[09:21:30] [20/40] 5a719d11: INCORRECT  rule=identity  via=pipeline(steps=16)  (1.6s)
[09:21:32] [21/40] 7837ac64: INCORRECT  rule=identity  via=pipeline(steps=18)  (2.1s)
[09:21:32] [22/40] ce039d91: CORRECT  rule=axis_mirror_recolor  via=stored(ce039d91)  (0.4s)
[09:21:33] [23/40] 5daaa586: INCORRECT  rule=identity  via=pipeline(steps=16)  (0.7s)
[09:21:33] [24/40] 7ddcd7ec: CORRECT  rule=diagonal_tail_extend  via=stored(7ddcd7ec)  (0.4s)
[09:21:35] [25/40] a2d730bd: INCORRECT  rule=identity  via=pipeline(steps=16)  (1.6s)
[09:21:35] [26/40] 7f4411dc: CORRECT  rule=keep_solid_rectangles  via=stored(7f4411dc)  (0.6s)
[09:21:36] [27/40] 9f5f939b: CORRECT  rule=plus_center_marker  via=stored(9f5f939b)  (0.8s)
[09:21:36] [28/40] 93b581b8: CORRECT  rule=corner_diagonal_2x2  via=stored(93b581b8)  (0.2s)
[09:21:37] [29/40] 6350f1f4: INCORRECT  rule=identity  via=pipeline(steps=18)  (0.7s)
[09:21:37] [30/40] c8b7cc0f: CORRECT  rule=inside_marker_count_3x3  via=stored(c8b7cc0f)  (0.2s)
[09:21:38] [31/40] a5313dff: CORRECT  rule=rect_interior_marker_fill  via=stored(a5313dff)  (0.3s)
[09:21:38] [32/40] ed98d772: CORRECT  rule=rotational_quadrants_2x  via=stored(ed98d772)  (0.2s)
[09:21:38] [33/40] cf5fd0ad: CORRECT  rule=rotational_4fold  via=stored(cf5fd0ad)  (0.4s)
[09:21:39] [34/40] 84db8fc4: INCORRECT  rule=identity  via=pipeline(steps=18)  (0.7s)
[09:21:39] [35/40] e9b4f6fc: INCORRECT  rule=identity  via=pipeline(steps=18)  (0.4s)
[09:21:41] [36/40] 642d658d: CORRECT  rule=plus_majority_color  via=stored(642d658d)  (1.3s)
[09:21:41] [37/40] 9b30e358: CORRECT  rule=tile_pattern_vertical  via=stored(9b30e358)  (0.2s)
[09:21:41] [38/40] b94a9452: CORRECT  rule=object_extract_swap  via=stored(b94a9452)  (0.3s)
[09:21:42] [39/40] 14b8e18c: CORRECT  rule=square_corner_marker  via=stored(14b8e18c)  (0.4s)
[09:21:42] [40/40] 705a3229: CORRECT  rule=corner_l_shoot  via=stored(705a3229)  (0.6s)
[09:21:42] 
[09:21:42] =======================================================
[09:21:42] Tasks:       40  (0 errors)
[09:21:42] Correct:     25 / 40  (62.5%)
[09:21:42] Rules:       31 -> 32  (+1 learned)
[09:21:42] Reused:      24 times (stored rule hit)
[09:21:42] Discovered:  1 new rules from pipeline
[09:21:42] Time:        24s  (0.6s/task)
[09:21:42] =======================================================
