[08:13:19] === SOAR Learning Loop ===
[08:13:19] Split: training | Tasks: 40 | Stored rules: 16
[08:13:19] Log: logs/learn_20260429_081319.log
[08:13:19] 
[08:13:19] [1/40] c9680e90: INCORRECT  rule=identity  via=pipeline(steps=16)  (0.3s)
[08:13:20] [2/40] 878187ab: INCORRECT  rule=identity  via=pipeline(steps=14)  (0.6s)
[08:13:20] [3/40] e5790162: INCORRECT  rule=recolor_sequential  via=pipeline(steps=20)  (0.2s)
[08:13:21] [4/40] e9ac8c9e: CORRECT  rule=corner_quadrant_fill  via=stored(e9ac8c9e)  (0.4s)
[08:13:21] [5/40] 0e206a2e: INCORRECT  rule=identity  via=pipeline(steps=16)  (0.8s)
[08:13:22] [6/40] 825aa9e9: INCORRECT  rule=identity  via=pipeline(steps=18)  (0.3s)
[08:13:23] [7/40] 1c56ad9f: INCORRECT  rule=identity  via=pipeline(steps=18)  (0.8s)
[08:13:23] [8/40] c0f76784: CORRECT  rule=rect_interior_fill  via=stored(c0f76784)  (0.4s)
[08:13:24] [9/40] 60a26a3e: CORRECT  rule=diamond_connector  via=stored(60a26a3e)  (0.6s)
[08:13:24] [10/40] 8be77c9e: CORRECT  rule=stack_with_mirror  via=stored(8be77c9e)  (0.0s)
[08:13:24] [11/40] 332202d5: INCORRECT  rule=identity  via=pipeline(steps=16)  (0.8s)
[08:13:24] [12/40] d23f8c26: CORRECT  rule=axis_line_keep  via=stored(d23f8c26)  (0.1s)
[08:13:25] [13/40] 6e82a1ae: CORRECT  rule=recolor_by_size  via=stored(6e82a1ae)  (0.3s)
[08:13:25] [14/40] 9f669b64: INCORRECT  rule=identity  via=pipeline(steps=16)  (0.3s)
[08:13:26] [15/40] afe3afe9: INCORRECT  rule=identity  via=pipeline(steps=16)  (1.2s)
[08:13:27] [16/40] 85c4e7cd: INCORRECT  rule=identity  via=pipeline(steps=18)  (0.4s)
[08:13:27] [17/40] c59eb873: CORRECT  rule=integer_upscale  via=stored(c59eb873)  (0.1s)
[08:13:27] [18/40] 13f06aa5: INCORRECT  rule=identity  via=pipeline(steps=16)  (0.6s)
[08:13:27] [19/40] bbc9ae5d: CORRECT  rule=staircase_extend_right  via=stored(bbc9ae5d)  (0.1s)
[08:13:29] [20/40] 5a719d11: INCORRECT  rule=identity  via=pipeline(steps=16)  (1.5s)
[08:13:31] [21/40] 7837ac64: INCORRECT  rule=identity  via=pipeline(steps=18)  (1.9s)
[08:13:31] [22/40] ce039d91: CORRECT  rule=axis_mirror_recolor  via=stored(ce039d91)  (0.4s)
[08:13:32] [23/40] 5daaa586: INCORRECT  rule=identity  via=pipeline(steps=16)  (0.6s)
[08:13:32] [24/40] 7ddcd7ec: INCORRECT  rule=identity  via=pipeline(steps=16)  (0.3s)
[08:13:33] [25/40] a2d730bd: INCORRECT  rule=identity  via=pipeline(steps=16)  (1.4s)
[08:13:34] [26/40] 7f4411dc: INCORRECT  rule=color_mapping  via=pipeline(steps=16)  (0.4s)
[08:13:34] [27/40] 9f5f939b: INCORRECT  rule=color_mapping  via=pipeline(steps=16)  (0.6s)
[08:13:35] [28/40] 93b581b8: INCORRECT  rule=identity  via=pipeline(steps=16)  (0.1s)
[08:13:35] [29/40] 6350f1f4: INCORRECT  rule=identity  via=pipeline(steps=18)  (0.6s)
[08:13:35] [30/40] c8b7cc0f: INCORRECT  rule=identity  via=pipeline(steps=16)  (0.1s)
[08:13:36] [31/40] a5313dff: INCORRECT  rule=color_mapping  via=pipeline(steps=16)  (0.2s)
[08:13:36] [32/40] ed98d772: INCORRECT  rule=identity  via=pipeline(steps=20)  (0.1s)
[08:13:36] [33/40] cf5fd0ad: INCORRECT  rule=identity  via=pipeline(steps=16)  (0.3s)
[08:13:37] [34/40] 84db8fc4: INCORRECT  rule=identity  via=pipeline(steps=18)  (0.5s)
[08:13:37] [35/40] e9b4f6fc: INCORRECT  rule=identity  via=pipeline(steps=18)  (0.4s)
[08:13:38] [36/40] 642d658d: INCORRECT  rule=identity  via=pipeline(steps=16)  (1.0s)
[08:13:38] [37/40] 9b30e358: INCORRECT  rule=identity  via=pipeline(steps=14)  (0.2s)
[08:13:38] [38/40] b94a9452: INCORRECT  rule=identity  via=pipeline(steps=16)  (0.2s)
[08:13:39] [39/40] 14b8e18c: INCORRECT  rule=color_mapping  via=pipeline(steps=16)  (0.3s)
[08:13:39] [40/40] 705a3229: INCORRECT  rule=identity  via=pipeline(steps=18)  (0.5s)
[08:13:39] 
[08:13:39] =======================================================
[08:13:39] Tasks:       40  (0 errors)
[08:13:39] Correct:     9 / 40  (22.5%)
[08:13:39] Rules:       16 -> 16  (+0 learned)
[08:13:39] Reused:      9 times (stored rule hit)
[08:13:39] Discovered:  5 new rules from pipeline
[08:13:39] Time:        20s  (0.5s/task)
[08:13:39] =======================================================
