[07:58:51] === SOAR Learning Loop ===
[07:58:51] Split: training | Tasks: 20 | Stored rules: 7
[07:58:51] Log: logs/learn_20260429_075851.log
[07:58:51] 
[07:58:52] [1/20] c9680e90: INCORRECT  rule=identity  via=pipeline(steps=16)  (0.2s)
[07:58:52] [2/20] 878187ab: INCORRECT  rule=identity  via=pipeline(steps=14)  (0.5s)
[07:58:52] [3/20] e5790162: INCORRECT  rule=recolor_sequential  via=pipeline(steps=20)  (0.2s)
[07:58:53] [4/20] e9ac8c9e: INCORRECT  rule=identity  via=pipeline(steps=16)  (0.3s)
[07:58:53] [5/20] 0e206a2e: INCORRECT  rule=identity  via=pipeline(steps=16)  (0.7s)
[07:58:54] [6/20] 825aa9e9: INCORRECT  rule=identity  via=pipeline(steps=18)  (0.3s)
[07:58:54] [7/20] 1c56ad9f: INCORRECT  rule=identity  via=pipeline(steps=18)  (0.7s)
[07:58:55] [8/20] c0f76784: CORRECT  rule=rect_interior_fill  via=stored(c0f76784)  (0.3s)
[07:58:55] [9/20] 60a26a3e: INCORRECT  rule=color_mapping  via=pipeline(steps=16)  (0.6s)
[07:58:55] [10/20] 8be77c9e: CORRECT  rule=stack_with_mirror  via=stored(8be77c9e)  (0.0s)
[07:58:56] [11/20] 332202d5: INCORRECT  rule=identity  via=pipeline(steps=16)  (0.7s)
[07:58:56] [12/20] d23f8c26: INCORRECT  rule=color_mapping  via=pipeline(steps=16)  (0.1s)
[07:58:56] [13/20] 6e82a1ae: INCORRECT  rule=identity  via=pipeline(steps=16)  (0.2s)
[07:58:57] [14/20] 9f669b64: INCORRECT  rule=identity  via=pipeline(steps=16)  (0.3s)
[07:58:58] [15/20] afe3afe9: INCORRECT  rule=identity  via=pipeline(steps=16)  (1.1s)
[07:58:58] [16/20] 85c4e7cd: INCORRECT  rule=identity  via=pipeline(steps=18)  (0.4s)
[07:58:58] [17/20] c59eb873: CORRECT  rule=integer_upscale  via=stored(c59eb873)  (0.1s)
[07:58:59] [18/20] 13f06aa5: INCORRECT  rule=identity  via=pipeline(steps=16)  (0.5s)
[07:58:59] [19/20] bbc9ae5d: CORRECT  rule=staircase_extend_right  via=stored(bbc9ae5d)  (0.1s)
[07:59:00] [20/20] 5a719d11: INCORRECT  rule=identity  via=pipeline(steps=16)  (1.3s)
[07:59:00] 
[07:59:00] =======================================================
[07:59:00] Tasks:       20  (0 errors)
[07:59:00] Correct:     4 / 20  (20.0%)
[07:59:00] Rules:       7 -> 7  (+0 learned)
[07:59:00] Reused:      4 times (stored rule hit)
[07:59:00] Discovered:  3 new rules from pipeline
[07:59:00] Time:        8s  (0.4s/task)
[07:59:00] =======================================================
