[08:06:56] === SOAR Learning Loop ===
[08:06:56] Split: training | Tasks: 20 | Stored rules: 10
[08:06:56] Log: logs/learn_20260429_080656.log
[08:06:56] 
[08:06:56] [1/20] c9680e90: INCORRECT  rule=identity  via=pipeline(steps=16)  (0.2s)
[08:06:56] [2/20] 878187ab: INCORRECT  rule=identity  via=pipeline(steps=14)  (0.6s)
[08:06:57] [3/20] e5790162: INCORRECT  rule=recolor_sequential  via=pipeline(steps=20)  (0.2s)
[08:06:57] [4/20] e9ac8c9e: CORRECT  rule=corner_quadrant_fill  via=stored(e9ac8c9e)  (0.3s)
[08:06:58] [5/20] 0e206a2e: INCORRECT  rule=identity  via=pipeline(steps=16)  (0.7s)
[08:06:58] [6/20] 825aa9e9: INCORRECT  rule=identity  via=pipeline(steps=18)  (0.3s)
[08:06:59] [7/20] 1c56ad9f: INCORRECT  rule=identity  via=pipeline(steps=18)  (0.7s)
[08:06:59] [8/20] c0f76784: CORRECT  rule=rect_interior_fill  via=stored(c0f76784)  (0.4s)
[08:07:00] [9/20] 60a26a3e: CORRECT  rule=diamond_connector  via=stored(60a26a3e)  (0.6s)
[08:07:00] [10/20] 8be77c9e: CORRECT  rule=stack_with_mirror  via=stored(8be77c9e)  (0.0s)
[08:07:00] [11/20] 332202d5: INCORRECT  rule=identity  via=pipeline(steps=16)  (0.8s)
[08:07:01] [12/20] d23f8c26: INCORRECT  rule=color_mapping  via=pipeline(steps=16)  (0.1s)
[08:07:01] [13/20] 6e82a1ae: INCORRECT  rule=identity  via=pipeline(steps=16)  (0.2s)
[08:07:01] [14/20] 9f669b64: INCORRECT  rule=identity  via=pipeline(steps=16)  (0.3s)
[08:07:02] [15/20] afe3afe9: INCORRECT  rule=identity  via=pipeline(steps=16)  (1.2s)
[08:07:03] [16/20] 85c4e7cd: INCORRECT  rule=identity  via=pipeline(steps=18)  (0.4s)
[08:07:03] [17/20] c59eb873: CORRECT  rule=integer_upscale  via=stored(c59eb873)  (0.1s)
[08:07:03] [18/20] 13f06aa5: INCORRECT  rule=identity  via=pipeline(steps=16)  (0.5s)
[08:07:03] [19/20] bbc9ae5d: CORRECT  rule=staircase_extend_right  via=stored(bbc9ae5d)  (0.1s)
[08:07:05] [20/20] 5a719d11: INCORRECT  rule=identity  via=pipeline(steps=16)  (1.2s)
[08:07:05] 
[08:07:05] =======================================================
[08:07:05] Tasks:       20  (0 errors)
[08:07:05] Correct:     6 / 20  (30.0%)
[08:07:05] Rules:       10 -> 10  (+0 learned)
[08:07:05] Reused:      6 times (stored rule hit)
[08:07:05] Discovered:  2 new rules from pipeline
[08:07:05] Time:        9s  (0.5s/task)
[08:07:05] =======================================================
