[13:16:37] === SOAR Learning Loop ===
[13:16:37] Split: training | Tasks: 40 | Stored rules: 77
[13:16:37] Log: logs/learn_20260429_131637.log
[13:16:37] 
[13:16:37] [1/40] c9680e90: CORRECT  rule=mirror_shoot_anchor  via=stored(c9680e90)  (0.3s)
[13:16:38] [2/40] 878187ab: CORRECT  rule=count_wedge_v_pattern  via=pipeline(steps=14)  (0.6s)
[13:16:38] [3/40] e5790162: CORRECT  rule=ricochet_ray  via=stored(e5790162)  (0.3s)
[13:16:38] [4/40] e9ac8c9e: CORRECT  rule=corner_quadrant_fill  via=stored(e9ac8c9e)  (0.4s)
[13:16:39] [5/40] 0e206a2e: CORRECT  rule=template_replication  via=stored(0e206a2e)  (0.8s)
[13:16:39] [6/40] 825aa9e9: CORRECT  rule=gravity_to_floor  via=stored(825aa9e9)  (0.3s)
[13:16:40] [7/40] 1c56ad9f: CORRECT  rule=zigzag_grid_shear  via=stored(1c56ad9f)  (0.8s)
[13:16:41] [8/40] c0f76784: CORRECT  rule=rect_interior_fill  via=stored(c0f76784)  (0.4s)
[13:16:41] [9/40] 60a26a3e: CORRECT  rule=diamond_connector  via=stored(60a26a3e)  (0.6s)
[13:16:41] [10/40] 8be77c9e: CORRECT  rule=stack_with_mirror  via=stored(8be77c9e)  (0.0s)
[13:16:42] [11/40] 332202d5: CORRECT  rule=cross_zone_fill  via=stored(332202d5)  (0.8s)
[13:16:42] [12/40] d23f8c26: CORRECT  rule=axis_line_keep  via=stored(d23f8c26)  (0.1s)
[13:16:42] [13/40] 6e82a1ae: CORRECT  rule=recolor_by_size  via=stored(6e82a1ae)  (0.3s)
[13:16:43] [14/40] 9f669b64: CORRECT  rule=barrier_passage  via=stored(9f669b64)  (0.3s)
[13:16:44] [15/40] afe3afe9: CORRECT  rule=hollow_square_gravity  via=pipeline(steps=16)  (1.2s)
[13:16:44] [16/40] 85c4e7cd: CORRECT  rule=concentric_ring_reverse  via=stored(85c4e7cd)  (0.4s)
[13:16:44] [17/40] c59eb873: CORRECT  rule=integer_upscale  via=stored(c59eb873)  (0.1s)
[13:16:45] [18/40] 13f06aa5: CORRECT  rule=anchor_dotted_ray  via=stored(13f06aa5)  (0.5s)
[13:16:45] [19/40] bbc9ae5d: CORRECT  rule=staircase_extend_right  via=stored(bbc9ae5d)  (0.1s)
[13:16:46] [20/40] 5a719d11: CORRECT  rule=panel_swap  via=stored(5a719d11)  (1.3s)
[13:16:48] [21/40] 7837ac64: CORRECT  rule=grid_summary_corners  via=stored(7837ac64)  (1.6s)
[13:16:48] [22/40] ce039d91: CORRECT  rule=axis_mirror_recolor  via=stored(ce039d91)  (0.4s)
[13:16:49] [23/40] 5daaa586: CORRECT  rule=directional_line_extract  via=stored(5daaa586)  (0.5s)
[13:16:49] [24/40] 7ddcd7ec: CORRECT  rule=diagonal_tail_extend  via=stored(7ddcd7ec)  (0.3s)
[13:16:51] [25/40] a2d730bd: CORRECT  rule=arrow_to_rectangle  via=stored(a2d730bd)  (1.4s)
[13:16:51] [26/40] 7f4411dc: CORRECT  rule=keep_solid_rectangles  via=stored(7f4411dc)  (0.4s)
[13:16:52] [27/40] 9f5f939b: CORRECT  rule=plus_center_marker  via=stored(9f5f939b)  (0.6s)
[13:16:52] [28/40] 93b581b8: CORRECT  rule=corner_diagonal_2x2  via=stored(93b581b8)  (0.1s)
[13:16:52] [29/40] 6350f1f4: CORRECT  rule=quadrant_repair  via=stored(6350f1f4)  (0.6s)
[13:16:53] [30/40] c8b7cc0f: CORRECT  rule=inside_marker_count_3x3  via=stored(c8b7cc0f)  (0.1s)
[13:16:53] [31/40] a5313dff: CORRECT  rule=rect_interior_marker_fill  via=stored(a5313dff)  (0.2s)
[13:16:53] [32/40] ed98d772: CORRECT  rule=rotational_quadrants_2x  via=stored(ed98d772)  (0.1s)
[13:16:53] [33/40] cf5fd0ad: CORRECT  rule=rotational_4fold  via=stored(cf5fd0ad)  (0.3s)
[13:16:54] [34/40] 84db8fc4: CORRECT  rule=interior_exterior_recolor  via=stored(84db8fc4)  (0.6s)
[13:16:54] [35/40] e9b4f6fc: CORRECT  rule=framed_recolor_legend  via=stored(e9b4f6fc)  (0.4s)
[13:16:55] [36/40] 642d658d: CORRECT  rule=plus_majority_color  via=stored(642d658d)  (1.0s)
[13:16:55] [37/40] 9b30e358: CORRECT  rule=tile_pattern_vertical  via=stored(9b30e358)  (0.2s)
[13:16:56] [38/40] b94a9452: CORRECT  rule=object_extract_swap  via=stored(b94a9452)  (0.2s)
[13:16:56] [39/40] 14b8e18c: CORRECT  rule=square_corner_marker  via=stored(14b8e18c)  (0.3s)
[13:16:56] [40/40] 705a3229: CORRECT  rule=corner_l_shoot  via=stored(705a3229)  (0.5s)
[13:16:56] 
[13:16:56] =======================================================
[13:16:56] Tasks:       40  (0 errors)
[13:16:56] Correct:     40 / 40  (100.0%)
[13:16:56] Rules:       77 -> 78  (+1 learned)
[13:16:56] Reused:      38 times (stored rule hit)
[13:16:56] Discovered:  2 new rules from pipeline
[13:16:56] Time:        20s  (0.5s/task)
[13:16:56] =======================================================
