[08:12:23] === SOAR Learning Loop ===
[08:12:23] Split: training | Tasks: 40 | Stored rules: 10
[08:12:23] Log: logs/learn_20260429_081223.log
[08:12:23] 
[08:12:24] [1/40] c9680e90: INCORRECT  rule=identity  via=pipeline(steps=16)  (0.2s)
[08:12:24] [2/40] 878187ab: INCORRECT  rule=identity  via=pipeline(steps=14)  (0.5s)
[08:12:25] [3/40] e5790162: INCORRECT  rule=recolor_sequential  via=pipeline(steps=20)  (0.3s)
[08:12:25] [4/40] e9ac8c9e: CORRECT  rule=corner_quadrant_fill  via=stored(e9ac8c9e)  (0.4s)
[08:12:26] [5/40] 0e206a2e: INCORRECT  rule=identity  via=pipeline(steps=16)  (0.7s)
[08:12:26] [6/40] 825aa9e9: INCORRECT  rule=identity  via=pipeline(steps=18)  (0.3s)
[08:12:27] [7/40] 1c56ad9f: INCORRECT  rule=identity  via=pipeline(steps=18)  (0.8s)
[08:12:27] [8/40] c0f76784: CORRECT  rule=rect_interior_fill  via=stored(c0f76784)  (0.4s)
[08:12:28] [9/40] 60a26a3e: CORRECT  rule=diamond_connector  via=stored(60a26a3e)  (0.6s)
[08:12:28] [10/40] 8be77c9e: CORRECT  rule=stack_with_mirror  via=stored(8be77c9e)  (0.0s)
[08:12:28] [11/40] 332202d5: INCORRECT  rule=identity  via=pipeline(steps=16)  (0.8s)
[08:12:29] [12/40] d23f8c26: CORRECT  rule=axis_line_keep  via=pipeline(steps=16)  (0.1s)
[08:12:29] [13/40] 6e82a1ae: CORRECT  rule=recolor_by_size  via=pipeline(steps=16)  (0.3s)
[08:12:29] [14/40] 9f669b64: INCORRECT  rule=identity  via=pipeline(steps=16)  (0.3s)
[08:12:30] [15/40] afe3afe9: INCORRECT  rule=identity  via=pipeline(steps=16)  (1.2s)
[08:12:31] [16/40] 85c4e7cd: INCORRECT  rule=identity  via=pipeline(steps=18)  (0.4s)
[08:12:31] [17/40] c59eb873: CORRECT  rule=integer_upscale  via=stored(c59eb873)  (0.1s)
[08:12:31] [18/40] 13f06aa5: INCORRECT  rule=identity  via=pipeline(steps=16)  (0.5s)
[08:12:31] [19/40] bbc9ae5d: CORRECT  rule=staircase_extend_right  via=stored(bbc9ae5d)  (0.1s)
[08:12:33] [20/40] 5a719d11: INCORRECT  rule=identity  via=pipeline(steps=16)  (1.3s)
[08:12:35] [21/40] 7837ac64: INCORRECT  rule=identity  via=pipeline(steps=18)  (2.2s)
[08:12:35] [22/40] ce039d91: CORRECT  rule=axis_mirror_recolor  via=pipeline(steps=18)  (0.5s)
[08:12:36] [23/40] 5daaa586: INCORRECT  rule=identity  via=pipeline(steps=16)  (0.9s)
[08:12:37] [24/40] 7ddcd7ec: INCORRECT  rule=identity  via=pipeline(steps=16)  (0.4s)
[08:12:39] [25/40] a2d730bd: INCORRECT  rule=identity  via=pipeline(steps=16)  (1.9s)
[08:12:39] [26/40] 7f4411dc: INCORRECT  rule=color_mapping  via=pipeline(steps=16)  (0.6s)
[08:12:40] [27/40] 9f5f939b: INCORRECT  rule=color_mapping  via=pipeline(steps=16)  (0.9s)
[08:12:40] [28/40] 93b581b8: INCORRECT  rule=identity  via=pipeline(steps=16)  (0.2s)
[08:12:41] [29/40] 6350f1f4: INCORRECT  rule=identity  via=pipeline(steps=18)  (0.8s)
[08:12:41] [30/40] c8b7cc0f: INCORRECT  rule=identity  via=pipeline(steps=16)  (0.2s)
[08:12:42] [31/40] a5313dff: INCORRECT  rule=color_mapping  via=pipeline(steps=16)  (0.4s)
[08:12:42] [32/40] ed98d772: INCORRECT  rule=identity  via=pipeline(steps=20)  (0.1s)
[08:12:42] [33/40] cf5fd0ad: INCORRECT  rule=identity  via=pipeline(steps=16)  (0.4s)
[08:12:43] [34/40] 84db8fc4: INCORRECT  rule=identity  via=pipeline(steps=18)  (0.8s)
[08:12:43] [35/40] e9b4f6fc: INCORRECT  rule=identity  via=pipeline(steps=18)  (0.5s)
[08:12:45] [36/40] 642d658d: INCORRECT  rule=identity  via=pipeline(steps=16)  (1.4s)
[08:12:45] [37/40] 9b30e358: INCORRECT  rule=identity  via=pipeline(steps=14)  (0.2s)
[08:12:45] [38/40] b94a9452: INCORRECT  rule=identity  via=pipeline(steps=16)  (0.3s)
[08:12:46] [39/40] 14b8e18c: INCORRECT  rule=color_mapping  via=pipeline(steps=16)  (0.4s)
[08:12:46] [40/40] 705a3229: INCORRECT  rule=identity  via=pipeline(steps=18)  (0.7s)
[08:12:46] 
[08:12:46] =======================================================
[08:12:46] Tasks:       40  (0 errors)
[08:12:46] Correct:     9 / 40  (22.5%)
[08:12:46] Rules:       10 -> 16  (+6 learned)
[08:12:46] Reused:      6 times (stored rule hit)
[08:12:46] Discovered:  8 new rules from pipeline
[08:12:46] Time:        23s  (0.6s/task)
[08:12:46] =======================================================
