[07:50:23] === SOAR Learning Loop ===
[07:50:23] Split: training | Tasks: 20 | Stored rules: 0
[07:50:23] Log: logs/learn_20260429_075023.log
[07:50:23] 
[07:50:24] [1/20] c9680e90: INCORRECT  rule=identity  via=pipeline(steps=16)  (0.3s)
[07:50:25] [2/20] 878187ab: INCORRECT  rule=identity  via=pipeline(steps=14)  (0.8s)
[07:50:25] [3/20] e5790162: INCORRECT  rule=recolor_sequential  via=pipeline(steps=20)  (0.3s)
[07:50:25] [4/20] e9ac8c9e: INCORRECT  rule=identity  via=pipeline(steps=16)  (0.6s)
[07:50:26] [5/20] 0e206a2e: INCORRECT  rule=identity  via=pipeline(steps=16)  (1.0s)
[07:50:27] [6/20] 825aa9e9: INCORRECT  rule=identity  via=pipeline(steps=18)  (0.4s)
[07:50:28] [7/20] 1c56ad9f: INCORRECT  rule=identity  via=pipeline(steps=18)  (1.1s)
[07:50:28] [8/20] c0f76784: INCORRECT  rule=identity  via=pipeline(steps=16)  (0.5s)
[07:50:29] [9/20] 60a26a3e: INCORRECT  rule=color_mapping  via=pipeline(steps=16)  (0.8s)
[07:50:29] [10/20] 8be77c9e: INCORRECT  rule=identity  via=pipeline(steps=16)  (0.1s)
[07:50:30] [11/20] 332202d5: INCORRECT  rule=identity  via=pipeline(steps=16)  (1.1s)
[07:50:31] [12/20] d23f8c26: INCORRECT  rule=color_mapping  via=pipeline(steps=16)  (0.1s)
[07:50:31] [13/20] 6e82a1ae: INCORRECT  rule=identity  via=pipeline(steps=16)  (0.3s)
[07:50:31] [14/20] 9f669b64: INCORRECT  rule=identity  via=pipeline(steps=16)  (0.4s)
[07:50:33] [15/20] afe3afe9: INCORRECT  rule=identity  via=pipeline(steps=16)  (1.6s)
[07:50:33] [16/20] 85c4e7cd: INCORRECT  rule=identity  via=pipeline(steps=18)  (0.6s)
[07:50:34] [17/20] c59eb873: INCORRECT  rule=identity  via=pipeline(steps=16)  (0.2s)
[07:50:34] [18/20] 13f06aa5: INCORRECT  rule=identity  via=pipeline(steps=16)  (0.7s)
[07:50:34] [19/20] bbc9ae5d: INCORRECT  rule=identity  via=pipeline(steps=20)  (0.1s)
[07:50:36] [20/20] 5a719d11: INCORRECT  rule=identity  via=pipeline(steps=16)  (1.8s)
[07:50:36] 
[07:50:36] =======================================================
[07:50:36] Tasks:       20  (0 errors)
[07:50:36] Correct:     0 / 20  (0.0%)
[07:50:36] Rules:       0 -> 3  (+3 learned)
[07:50:36] Reused:      0 times (stored rule hit)
[07:50:36] Discovered:  3 new rules from pipeline
[07:50:36] Time:        13s  (0.6s/task)
[07:50:36] =======================================================
