[07:53:20] === SOAR Learning Loop ===
[07:53:20] Split: training | Tasks: 20 | Stored rules: 5
[07:53:20] Log: logs/learn_20260429_075320.log
[07:53:20] 
[07:53:20] [1/20] c9680e90: INCORRECT  rule=identity  via=pipeline(steps=16)  (0.4s)
[07:53:20] [2/20] 878187ab: INCORRECT  rule=identity  via=pipeline(steps=14)  (0.5s)
[07:53:21] [3/20] e5790162: INCORRECT  rule=recolor_sequential  via=pipeline(steps=20)  (0.2s)
[07:53:21] [4/20] e9ac8c9e: INCORRECT  rule=identity  via=pipeline(steps=16)  (0.3s)
[07:53:22] [5/20] 0e206a2e: INCORRECT  rule=identity  via=pipeline(steps=16)  (0.8s)
[07:53:22] [6/20] 825aa9e9: INCORRECT  rule=identity  via=pipeline(steps=18)  (0.2s)
[07:53:23] [7/20] 1c56ad9f: INCORRECT  rule=identity  via=pipeline(steps=18)  (0.7s)
[07:53:23] [8/20] c0f76784: INCORRECT  rule=identity  via=pipeline(steps=16)  (0.3s)
[07:53:24] [9/20] 60a26a3e: INCORRECT  rule=color_mapping  via=pipeline(steps=16)  (0.5s)
[07:53:24] [10/20] 8be77c9e: CORRECT  rule=stack_with_mirror  via=stored(8be77c9e)  (0.0s)
[07:53:24] [11/20] 332202d5: INCORRECT  rule=identity  via=pipeline(steps=16)  (0.7s)
[07:53:24] [12/20] d23f8c26: INCORRECT  rule=color_mapping  via=pipeline(steps=16)  (0.1s)
[07:53:25] [13/20] 6e82a1ae: INCORRECT  rule=identity  via=pipeline(steps=16)  (0.2s)
[07:53:25] [14/20] 9f669b64: INCORRECT  rule=identity  via=pipeline(steps=16)  (0.2s)
[07:53:26] [15/20] afe3afe9: INCORRECT  rule=identity  via=pipeline(steps=16)  (1.1s)
[07:53:26] [16/20] 85c4e7cd: INCORRECT  rule=identity  via=pipeline(steps=18)  (0.4s)
[07:53:26] [17/20] c59eb873: CORRECT  rule=integer_upscale  via=stored(c59eb873)  (0.1s)
[07:53:27] [18/20] 13f06aa5: INCORRECT  rule=identity  via=pipeline(steps=16)  (0.4s)
[07:53:27] [19/20] bbc9ae5d: INCORRECT  rule=identity  via=pipeline(steps=20)  (0.1s)
[07:53:28] [20/20] 5a719d11: INCORRECT  rule=identity  via=pipeline(steps=16)  (1.2s)
[07:53:28] 
[07:53:28] =======================================================
[07:53:28] Tasks:       20  (0 errors)
[07:53:28] Correct:     2 / 20  (10.0%)
[07:53:28] Rules:       5 -> 5  (+0 learned)
[07:53:28] Reused:      2 times (stored rule hit)
[07:53:28] Discovered:  3 new rules from pipeline
[07:53:28] Time:        9s  (0.4s/task)
[07:53:28] =======================================================
