[08:23:13] === SOAR Learning Loop ===
[08:23:13] Split: training | Tasks: 40 | Stored rules: 19
[08:23:13] Log: logs/learn_20260429_082313.log
[08:23:13] 
[08:23:13] [1/40] c9680e90: INCORRECT  rule=identity  via=pipeline(steps=16)  (0.2s)
[08:23:14] [2/40] 878187ab: INCORRECT  rule=identity  via=pipeline(steps=14)  (0.5s)
[08:23:14] [3/40] e5790162: INCORRECT  rule=recolor_sequential  via=pipeline(steps=20)  (0.3s)
[08:23:14] [4/40] e9ac8c9e: CORRECT  rule=corner_quadrant_fill  via=stored(e9ac8c9e)  (0.4s)
[08:23:15] [5/40] 0e206a2e: INCORRECT  rule=identity  via=pipeline(steps=16)  (0.8s)
[08:23:16] [6/40] 825aa9e9: INCORRECT  rule=identity  via=pipeline(steps=18)  (0.3s)
[08:23:16] [7/40] 1c56ad9f: INCORRECT  rule=identity  via=pipeline(steps=18)  (0.8s)
[08:23:17] [8/40] c0f76784: CORRECT  rule=rect_interior_fill  via=stored(c0f76784)  (0.4s)
[08:23:17] [9/40] 60a26a3e: CORRECT  rule=diamond_connector  via=stored(60a26a3e)  (0.6s)
[08:23:17] [10/40] 8be77c9e: CORRECT  rule=stack_with_mirror  via=stored(8be77c9e)  (0.0s)
[08:23:18] [11/40] 332202d5: INCORRECT  rule=identity  via=pipeline(steps=16)  (0.8s)
[08:23:18] [12/40] d23f8c26: CORRECT  rule=axis_line_keep  via=stored(d23f8c26)  (0.1s)
[08:23:19] [13/40] 6e82a1ae: CORRECT  rule=recolor_by_size  via=stored(6e82a1ae)  (0.3s)
[08:23:19] [14/40] 9f669b64: INCORRECT  rule=identity  via=pipeline(steps=16)  (0.3s)
[08:23:20] [15/40] afe3afe9: INCORRECT  rule=identity  via=pipeline(steps=16)  (1.4s)
[08:23:21] [16/40] 85c4e7cd: INCORRECT  rule=identity  via=pipeline(steps=18)  (0.5s)
[08:23:21] [17/40] c59eb873: CORRECT  rule=integer_upscale  via=stored(c59eb873)  (0.1s)
[08:23:21] [18/40] 13f06aa5: INCORRECT  rule=identity  via=pipeline(steps=16)  (0.5s)
[08:23:22] [19/40] bbc9ae5d: CORRECT  rule=staircase_extend_right  via=stored(bbc9ae5d)  (0.1s)
[08:23:23] [20/40] 5a719d11: INCORRECT  rule=identity  via=pipeline(steps=16)  (1.4s)
[08:23:25] [21/40] 7837ac64: INCORRECT  rule=identity  via=pipeline(steps=18)  (1.8s)
[08:23:25] [22/40] ce039d91: CORRECT  rule=axis_mirror_recolor  via=stored(ce039d91)  (0.4s)
[08:23:26] [23/40] 5daaa586: INCORRECT  rule=identity  via=pipeline(steps=16)  (0.6s)
[08:23:26] [24/40] 7ddcd7ec: INCORRECT  rule=identity  via=pipeline(steps=16)  (0.3s)
[08:23:27] [25/40] a2d730bd: INCORRECT  rule=identity  via=pipeline(steps=16)  (1.5s)
[08:23:28] [26/40] 7f4411dc: CORRECT  rule=keep_solid_rectangles  via=stored(7f4411dc)  (0.4s)
[08:23:28] [27/40] 9f5f939b: INCORRECT  rule=color_mapping  via=pipeline(steps=16)  (0.6s)
[08:23:29] [28/40] 93b581b8: INCORRECT  rule=identity  via=pipeline(steps=16)  (0.2s)
[08:23:29] [29/40] 6350f1f4: INCORRECT  rule=identity  via=pipeline(steps=18)  (0.6s)
[08:23:29] [30/40] c8b7cc0f: INCORRECT  rule=identity  via=pipeline(steps=16)  (0.2s)
[08:23:30] [31/40] a5313dff: CORRECT  rule=rect_interior_marker_fill  via=stored(a5313dff)  (0.3s)
[08:23:30] [32/40] ed98d772: INCORRECT  rule=identity  via=pipeline(steps=20)  (0.1s)
[08:23:30] [33/40] cf5fd0ad: INCORRECT  rule=identity  via=pipeline(steps=16)  (0.3s)
[08:23:31] [34/40] 84db8fc4: INCORRECT  rule=identity  via=pipeline(steps=18)  (0.6s)
[08:23:31] [35/40] e9b4f6fc: INCORRECT  rule=identity  via=pipeline(steps=18)  (0.4s)
[08:23:32] [36/40] 642d658d: INCORRECT  rule=identity  via=pipeline(steps=16)  (1.1s)
[08:23:32] [37/40] 9b30e358: INCORRECT  rule=identity  via=pipeline(steps=14)  (0.2s)
[08:23:33] [38/40] b94a9452: CORRECT  rule=object_extract_swap  via=stored(b94a9452)  (0.3s)
[08:23:33] [39/40] 14b8e18c: INCORRECT  rule=color_mapping  via=pipeline(steps=16)  (0.3s)
[08:23:33] [40/40] 705a3229: INCORRECT  rule=identity  via=pipeline(steps=18)  (0.5s)
[08:23:33] 
[08:23:33] =======================================================
[08:23:33] Tasks:       40  (0 errors)
[08:23:33] Correct:     12 / 40  (30.0%)
[08:23:33] Rules:       19 -> 19  (+0 learned)
[08:23:33] Reused:      12 times (stored rule hit)
[08:23:33] Discovered:  3 new rules from pipeline
[08:23:33] Time:        20s  (0.5s/task)
[08:23:33] =======================================================
